[0.012s] Invoking command in '/home/neelash/urdf_ws/build/moveit_setup_rms': /usr/bin/cmake /home/neelash/urdf_ws/src/moveit_setup_rms -DCMAKE_INSTALL_PREFIX=/home/neelash/urdf_ws/install/moveit_setup_rms
[0.152s] -- The C compiler identification is GNU 11.4.0
[0.453s] -- The CXX compiler identification is GNU 11.4.0
[0.622s] -- Detecting C compiler ABI info
[0.705s] -- Detecting C compiler ABI info - done
[0.710s] -- Check for working C compiler: /usr/bin/cc - skipped
[0.710s] -- Detecting C compile features
[0.710s] -- Detecting C compile features - done
[0.712s] -- Detecting CXX compiler ABI info
[0.798s] -- Detecting CXX compiler ABI info - done
[0.802s] -- Check for working CXX compiler: /usr/bin/c++ - skipped
[0.802s] -- Detecting CXX compile features
[0.802s] -- Detecting CXX compile features - done
[0.820s] -- Found ament_cmake: 1.3.11 (/opt/ros/humble/share/ament_cmake/cmake)
[0.918s] -- Found Python3: /usr/bin/python3 (found version "3.10.12") found components: Interpreter 
[1.023s] Error parsing '/home/neelash/urdf_ws/src/moveit_setup_rms/package.xml':
[1.052s] Traceback (most recent call last):
[1.052s]   File "/opt/ros/humble/share/ament_cmake_core/cmake/core/package_xml_2_cmake.py", line 150, in <module>
[1.052s]     main()
[1.052s]   File "/opt/ros/humble/share/ament_cmake_core/cmake/core/package_xml_2_cmake.py", line 53, in main
[1.052s]     raise e
[1.052s]   File "/opt/ros/humble/share/ament_cmake_core/cmake/core/package_xml_2_cmake.py", line 49, in main
[1.052s]     package = parse_package_string(
[1.052s]   File "/usr/lib/python3/dist-packages/catkin_pkg/package.py", line 788, in parse_package_string
[1.052s]     pkg.validate(warnings=warnings)
[1.052s]   File "/usr/lib/python3/dist-packages/catkin_pkg/package.py", line 330, in validate
[1.052s]     raise InvalidPackage('\n'.join(errors), self.filename)
[1.052s] catkin_pkg.package.InvalidPackage: Error(s) in package '/home/neelash/urdf_ws/src/moveit_setup_rms/package.xml':
[1.052s] Invalid email "" for person ""
[1.061s] [31mCMake Error at /opt/ros/humble/share/ament_cmake_core/cmake/core/ament_package_xml.cmake:95 (message):
[1.061s]   execute_process(/usr/bin/python3
[1.061s]   /opt/ros/humble/share/ament_cmake_core/cmake/core/package_xml_2_cmake.py
[1.061s]   /home/neelash/urdf_ws/src/moveit_setup_rms/package.xml
[1.061s]   /home/neelash/urdf_ws/build/moveit_setup_rms/ament_cmake_core/package.cmake)
[1.061s]   returned error code 1
[1.061s] Call Stack (most recent call first):
[1.061s]   /opt/ros/humble/share/ament_cmake_core/cmake/core/ament_package_xml.cmake:49 (_ament_package_xml)
[1.061s]   /opt/ros/humble/share/ament_cmake_core/cmake/core/ament_package.cmake:63 (ament_package_xml)
[1.061s]   CMakeLists.txt:6 (ament_package)
[1.062s] 
[1.062s] [0m
[1.062s] -- Configuring incomplete, errors occurred!
[1.062s] See also "/home/neelash/urdf_ws/build/moveit_setup_rms/CMakeFiles/CMakeOutput.log".
[1.064s] Invoked command in '/home/neelash/urdf_ws/build/moveit_setup_rms' returned '1': /usr/bin/cmake /home/neelash/urdf_ws/src/moveit_setup_rms -DCMAKE_INSTALL_PREFIX=/home/neelash/urdf_ws/install/moveit_setup_rms
