[0.116s] DEBUG:colcon:Command line arguments: ['/usr/bin/colcon', 'build', '--symlink-install']
[0.116s] DEBUG:colcon:Parsed command line arguments: Namespace(log_base=None, log_level=None, verb_name='build', build_base='build', install_base='install', merge_install=False, symlink_install=True, test_result_base=None, continue_on_error=False, executor='parallel', parallel_workers=16, event_handlers=None, ignore_user_meta=False, metas=['./colcon.meta'], base_paths=['.'], packages_ignore=None, packages_ignore_regex=None, paths=None, packages_up_to=None, packages_up_to_regex=None, packages_above=None, packages_above_and_dependencies=None, packages_above_depth=None, packages_select_by_dep=None, packages_skip_by_dep=None, packages_skip_up_to=None, packages_select_build_failed=False, packages_skip_build_finished=False, packages_select_test_failures=False, packages_skip_test_passed=False, packages_select=None, packages_skip=None, packages_select_regex=None, packages_skip_regex=None, packages_start=None, packages_end=None, allow_overriding=[], cmake_args=None, cmake_target=None, cmake_target_skip_unavailable=False, cmake_clean_cache=False, cmake_clean_first=False, cmake_force_configure=False, ament_cmake_args=None, catkin_cmake_args=None, catkin_skip_building_tests=False, mixin_files=None, mixin=None, verb_parser=<colcon_mixin.mixin.mixin_argument.MixinArgumentDecorator object at 0x7fa869cce7a0>, verb_extension=<colcon_core.verb.build.BuildVerb object at 0x7fa869cce170>, main=<bound method BuildVerb.main of <colcon_core.verb.build.BuildVerb object at 0x7fa869cce170>>, mixin_verb=('build',))
[0.212s] Level 1:colcon.colcon_core.package_discovery:discover_packages(colcon_meta) check parameters
[0.212s] Level 1:colcon.colcon_core.package_discovery:discover_packages(recursive) check parameters
[0.213s] Level 1:colcon.colcon_core.package_discovery:discover_packages(ignore) check parameters
[0.213s] Level 1:colcon.colcon_core.package_discovery:discover_packages(path) check parameters
[0.213s] Level 1:colcon.colcon_core.package_discovery:discover_packages(colcon_meta) discover
[0.213s] Level 1:colcon.colcon_core.package_discovery:discover_packages(recursive) discover
[0.213s] INFO:colcon.colcon_core.package_discovery:Crawling recursively for packages in '/home/neelash/urdf_ws'
[0.213s] Level 1:colcon.colcon_core.package_identification:_identify(.) by extensions ['ignore', 'ignore_ament_install']
[0.213s] Level 1:colcon.colcon_core.package_identification:_identify(.) by extension 'ignore'
[0.213s] Level 1:colcon.colcon_core.package_identification:_identify(.) by extension 'ignore_ament_install'
[0.213s] Level 1:colcon.colcon_core.package_identification:_identify(.) by extensions ['colcon_pkg']
[0.213s] Level 1:colcon.colcon_core.package_identification:_identify(.) by extension 'colcon_pkg'
[0.213s] Level 1:colcon.colcon_core.package_identification:_identify(.) by extensions ['colcon_meta']
[0.213s] Level 1:colcon.colcon_core.package_identification:_identify(.) by extension 'colcon_meta'
[0.213s] Level 1:colcon.colcon_core.package_identification:_identify(.) by extensions ['ros']
[0.213s] Level 1:colcon.colcon_core.package_identification:_identify(.) by extension 'ros'
[0.220s] Level 1:colcon.colcon_core.package_identification:_identify(.) by extensions ['cmake', 'python']
[0.220s] Level 1:colcon.colcon_core.package_identification:_identify(.) by extension 'cmake'
[0.220s] Level 1:colcon.colcon_core.package_identification:_identify(.) by extension 'python'
[0.220s] Level 1:colcon.colcon_core.package_identification:_identify(.) by extensions ['python_setup_py']
[0.220s] Level 1:colcon.colcon_core.package_identification:_identify(.) by extension 'python_setup_py'
[0.220s] Level 1:colcon.colcon_core.package_identification:_identify(build) by extensions ['ignore', 'ignore_ament_install']
[0.220s] Level 1:colcon.colcon_core.package_identification:_identify(build) by extension 'ignore'
[0.220s] Level 1:colcon.colcon_core.package_identification:_identify(build) ignored
[0.220s] Level 1:colcon.colcon_core.package_identification:_identify(install) by extensions ['ignore', 'ignore_ament_install']
[0.220s] Level 1:colcon.colcon_core.package_identification:_identify(install) by extension 'ignore'
[0.220s] Level 1:colcon.colcon_core.package_identification:_identify(install) ignored
[0.220s] Level 1:colcon.colcon_core.package_identification:_identify(log) by extensions ['ignore', 'ignore_ament_install']
[0.220s] Level 1:colcon.colcon_core.package_identification:_identify(log) by extension 'ignore'
[0.220s] Level 1:colcon.colcon_core.package_identification:_identify(log) ignored
[0.220s] Level 1:colcon.colcon_core.package_identification:_identify(src) by extensions ['ignore', 'ignore_ament_install']
[0.220s] Level 1:colcon.colcon_core.package_identification:_identify(src) by extension 'ignore'
[0.220s] Level 1:colcon.colcon_core.package_identification:_identify(src) by extension 'ignore_ament_install'
[0.220s] Level 1:colcon.colcon_core.package_identification:_identify(src) by extensions ['colcon_pkg']
[0.220s] Level 1:colcon.colcon_core.package_identification:_identify(src) by extension 'colcon_pkg'
[0.220s] Level 1:colcon.colcon_core.package_identification:_identify(src) by extensions ['colcon_meta']
[0.220s] Level 1:colcon.colcon_core.package_identification:_identify(src) by extension 'colcon_meta'
[0.220s] Level 1:colcon.colcon_core.package_identification:_identify(src) by extensions ['ros']
[0.220s] Level 1:colcon.colcon_core.package_identification:_identify(src) by extension 'ros'
[0.220s] Level 1:colcon.colcon_core.package_identification:_identify(src) by extensions ['cmake', 'python']
[0.220s] Level 1:colcon.colcon_core.package_identification:_identify(src) by extension 'cmake'
[0.220s] Level 1:colcon.colcon_core.package_identification:_identify(src) by extension 'python'
[0.220s] Level 1:colcon.colcon_core.package_identification:_identify(src) by extensions ['python_setup_py']
[0.220s] Level 1:colcon.colcon_core.package_identification:_identify(src) by extension 'python_setup_py'
[0.221s] Level 1:colcon.colcon_core.package_identification:_identify(src/moveit_setup_rms) by extensions ['ignore', 'ignore_ament_install']
[0.221s] Level 1:colcon.colcon_core.package_identification:_identify(src/moveit_setup_rms) by extension 'ignore'
[0.221s] Level 1:colcon.colcon_core.package_identification:_identify(src/moveit_setup_rms) by extension 'ignore_ament_install'
[0.221s] Level 1:colcon.colcon_core.package_identification:_identify(src/moveit_setup_rms) by extensions ['colcon_pkg']
[0.221s] Level 1:colcon.colcon_core.package_identification:_identify(src/moveit_setup_rms) by extension 'colcon_pkg'
[0.221s] Level 1:colcon.colcon_core.package_identification:_identify(src/moveit_setup_rms) by extensions ['colcon_meta']
[0.221s] Level 1:colcon.colcon_core.package_identification:_identify(src/moveit_setup_rms) by extension 'colcon_meta'
[0.221s] Level 1:colcon.colcon_core.package_identification:_identify(src/moveit_setup_rms) by extensions ['ros']
[0.221s] Level 1:colcon.colcon_core.package_identification:_identify(src/moveit_setup_rms) by extension 'ros'
[0.222s] DEBUG:colcon.colcon_core.package_identification:Package 'src/moveit_setup_rms' with type 'ros.ament_cmake' and name 'moveit_setup_rms'
[0.222s] Level 1:colcon.colcon_core.package_identification:_identify(src/my_robot_description) by extensions ['ignore', 'ignore_ament_install']
[0.222s] Level 1:colcon.colcon_core.package_identification:_identify(src/my_robot_description) by extension 'ignore'
[0.222s] Level 1:colcon.colcon_core.package_identification:_identify(src/my_robot_description) by extension 'ignore_ament_install'
[0.223s] Level 1:colcon.colcon_core.package_identification:_identify(src/my_robot_description) by extensions ['colcon_pkg']
[0.223s] Level 1:colcon.colcon_core.package_identification:_identify(src/my_robot_description) by extension 'colcon_pkg'
[0.223s] Level 1:colcon.colcon_core.package_identification:_identify(src/my_robot_description) by extensions ['colcon_meta']
[0.223s] Level 1:colcon.colcon_core.package_identification:_identify(src/my_robot_description) by extension 'colcon_meta'
[0.223s] Level 1:colcon.colcon_core.package_identification:_identify(src/my_robot_description) by extensions ['ros']
[0.223s] Level 1:colcon.colcon_core.package_identification:_identify(src/my_robot_description) by extension 'ros'
[0.223s] DEBUG:colcon.colcon_core.package_identification:Package 'src/my_robot_description' with type 'ros.ament_cmake' and name 'my_robot_description'
[0.223s] Level 1:colcon.colcon_core.package_discovery:discover_packages(recursive) using defaults
[0.223s] Level 1:colcon.colcon_core.package_discovery:discover_packages(ignore) discover
[0.223s] Level 1:colcon.colcon_core.package_discovery:discover_packages(ignore) using defaults
[0.223s] Level 1:colcon.colcon_core.package_discovery:discover_packages(path) discover
[0.223s] Level 1:colcon.colcon_core.package_discovery:discover_packages(path) using defaults
[0.241s] Level 1:colcon.colcon_core.package_discovery:discover_packages(prefix_path) check parameters
[0.241s] Level 1:colcon.colcon_core.package_discovery:discover_packages(prefix_path) discover
[0.242s] WARNING:colcon.colcon_ros.prefix_path.ament:The path '/home/neelash/urdf_ws/install/moveit_config_rms' in the environment variable AMENT_PREFIX_PATH doesn't exist
[0.242s] WARNING:colcon.colcon_ros.prefix_path.ament:The path '/home/neelash/urdf_ws/install/my_robot_description' in the environment variable AMENT_PREFIX_PATH doesn't exist
[0.242s] WARNING:colcon.colcon_ros.prefix_path.ament:The path '/home/neelash/urdf_ws/install/arm_kinematics' in the environment variable AMENT_PREFIX_PATH doesn't exist
[0.243s] WARNING:colcon.colcon_ros.prefix_path.catkin:The path '/home/neelash/urdf_ws/install/moveit_config_rms' in the environment variable CMAKE_PREFIX_PATH doesn't exist
[0.243s] WARNING:colcon.colcon_ros.prefix_path.catkin:The path '/home/neelash/urdf_ws/install/my_robot_description' in the environment variable CMAKE_PREFIX_PATH doesn't exist
[0.244s] DEBUG:colcon.colcon_installed_package_information.package_discovery:Found 56 installed packages in /home/neelash/moveit2_ws/install
[0.245s] DEBUG:colcon.colcon_installed_package_information.package_discovery:Found 0 installed packages in /home/neelash/urdf_ws/install
[0.245s] DEBUG:colcon.colcon_installed_package_information.package_discovery:Found 322 installed packages in /opt/ros/humble
[0.247s] Level 1:colcon.colcon_core.package_discovery:discover_packages(prefix_path) using defaults
[0.278s] Level 5:colcon.colcon_core.verb:set package 'my_robot_description' build argument 'cmake_args' from command line to 'None'
[0.278s] Level 5:colcon.colcon_core.verb:set package 'my_robot_description' build argument 'cmake_target' from command line to 'None'
[0.278s] Level 5:colcon.colcon_core.verb:set package 'my_robot_description' build argument 'cmake_target_skip_unavailable' from command line to 'False'
[0.278s] Level 5:colcon.colcon_core.verb:set package 'my_robot_description' build argument 'cmake_clean_cache' from command line to 'False'
[0.278s] Level 5:colcon.colcon_core.verb:set package 'my_robot_description' build argument 'cmake_clean_first' from command line to 'False'
[0.278s] Level 5:colcon.colcon_core.verb:set package 'my_robot_description' build argument 'cmake_force_configure' from command line to 'False'
[0.278s] Level 5:colcon.colcon_core.verb:set package 'my_robot_description' build argument 'ament_cmake_args' from command line to 'None'
[0.278s] Level 5:colcon.colcon_core.verb:set package 'my_robot_description' build argument 'catkin_cmake_args' from command line to 'None'
[0.278s] Level 5:colcon.colcon_core.verb:set package 'my_robot_description' build argument 'catkin_skip_building_tests' from command line to 'False'
[0.278s] DEBUG:colcon.colcon_core.verb:Building package 'my_robot_description' with the following arguments: {'ament_cmake_args': None, 'build_base': '/home/neelash/urdf_ws/build/my_robot_description', 'catkin_cmake_args': None, 'catkin_skip_building_tests': False, 'cmake_args': None, 'cmake_clean_cache': False, 'cmake_clean_first': False, 'cmake_force_configure': False, 'cmake_target': None, 'cmake_target_skip_unavailable': False, 'install_base': '/home/neelash/urdf_ws/install/my_robot_description', 'merge_install': False, 'path': '/home/neelash/urdf_ws/src/my_robot_description', 'symlink_install': True, 'test_result_base': None}
[0.278s] Level 5:colcon.colcon_core.verb:set package 'moveit_setup_rms' build argument 'cmake_args' from command line to 'None'
[0.278s] Level 5:colcon.colcon_core.verb:set package 'moveit_setup_rms' build argument 'cmake_target' from command line to 'None'
[0.278s] Level 5:colcon.colcon_core.verb:set package 'moveit_setup_rms' build argument 'cmake_target_skip_unavailable' from command line to 'False'
[0.278s] Level 5:colcon.colcon_core.verb:set package 'moveit_setup_rms' build argument 'cmake_clean_cache' from command line to 'False'
[0.278s] Level 5:colcon.colcon_core.verb:set package 'moveit_setup_rms' build argument 'cmake_clean_first' from command line to 'False'
[0.279s] Level 5:colcon.colcon_core.verb:set package 'moveit_setup_rms' build argument 'cmake_force_configure' from command line to 'False'
[0.279s] Level 5:colcon.colcon_core.verb:set package 'moveit_setup_rms' build argument 'ament_cmake_args' from command line to 'None'
[0.279s] Level 5:colcon.colcon_core.verb:set package 'moveit_setup_rms' build argument 'catkin_cmake_args' from command line to 'None'
[0.279s] Level 5:colcon.colcon_core.verb:set package 'moveit_setup_rms' build argument 'catkin_skip_building_tests' from command line to 'False'
[0.279s] DEBUG:colcon.colcon_core.verb:Building package 'moveit_setup_rms' with the following arguments: {'ament_cmake_args': None, 'build_base': '/home/neelash/urdf_ws/build/moveit_setup_rms', 'catkin_cmake_args': None, 'catkin_skip_building_tests': False, 'cmake_args': None, 'cmake_clean_cache': False, 'cmake_clean_first': False, 'cmake_force_configure': False, 'cmake_target': None, 'cmake_target_skip_unavailable': False, 'install_base': '/home/neelash/urdf_ws/install/moveit_setup_rms', 'merge_install': False, 'path': '/home/neelash/urdf_ws/src/moveit_setup_rms', 'symlink_install': True, 'test_result_base': None}
[0.279s] INFO:colcon.colcon_core.executor:Executing jobs using 'parallel' executor
[0.279s] DEBUG:colcon.colcon_parallel_executor.executor.parallel:run_until_complete
[0.280s] INFO:colcon.colcon_ros.task.ament_cmake.build:Building ROS package in '/home/neelash/urdf_ws/src/my_robot_description' with build type 'ament_cmake'
[0.280s] INFO:colcon.colcon_cmake.task.cmake.build:Building CMake package in '/home/neelash/urdf_ws/src/my_robot_description'
[0.281s] INFO:colcon.colcon_core.plugin_system:Skipping extension 'colcon_core.shell.bat': Not used on non-Windows systems
[0.281s] INFO:colcon.colcon_core.shell:Skip shell extension 'powershell' for command environment: Not usable outside of PowerShell
[0.281s] DEBUG:colcon.colcon_core.shell:Skip shell extension 'dsv' for command environment
[0.291s] DEBUG:colcon.colcon_core.event_handler.log_command:Invoking command in '/home/neelash/urdf_ws/build/my_robot_description': CMAKE_PREFIX_PATH=${CMAKE_PREFIX_PATH}:/home/neelash/moveit2_ws/install/moveit_configs_utils:/home/neelash/moveit2_ws/install/launch_param_builder:/home/neelash/urdf_ws/install/arm_kinematics:/opt/ros/humble /usr/bin/cmake --build /home/neelash/urdf_ws/build/my_robot_description -- -j16 -l16
[0.312s] DEBUG:colcon.colcon_core.event_handler.log_command:Invoked command in '/home/neelash/urdf_ws/build/my_robot_description' returned '0': CMAKE_PREFIX_PATH=${CMAKE_PREFIX_PATH}:/home/neelash/moveit2_ws/install/moveit_configs_utils:/home/neelash/moveit2_ws/install/launch_param_builder:/home/neelash/urdf_ws/install/arm_kinematics:/opt/ros/humble /usr/bin/cmake --build /home/neelash/urdf_ws/build/my_robot_description -- -j16 -l16
[0.318s] DEBUG:colcon.colcon_core.event_handler.log_command:Invoking command in '/home/neelash/urdf_ws/build/my_robot_description': CMAKE_PREFIX_PATH=${CMAKE_PREFIX_PATH}:/home/neelash/moveit2_ws/install/moveit_configs_utils:/home/neelash/moveit2_ws/install/launch_param_builder:/home/neelash/urdf_ws/install/arm_kinematics:/opt/ros/humble /usr/bin/cmake --install /home/neelash/urdf_ws/build/my_robot_description
[0.442s] Level 1:colcon.colcon_core.environment:create_environment_scripts_only(my_robot_description)
[0.443s] DEBUG:colcon.colcon_core.event_handler.log_command:Invoked command in '/home/neelash/urdf_ws/build/my_robot_description' returned '0': CMAKE_PREFIX_PATH=${CMAKE_PREFIX_PATH}:/home/neelash/moveit2_ws/install/moveit_configs_utils:/home/neelash/moveit2_ws/install/launch_param_builder:/home/neelash/urdf_ws/install/arm_kinematics:/opt/ros/humble /usr/bin/cmake --install /home/neelash/urdf_ws/build/my_robot_description
[0.444s] Level 1:colcon.colcon_core.environment:checking '/home/neelash/urdf_ws/install/my_robot_description' for CMake module files
[0.444s] Level 1:colcon.colcon_core.environment:checking '/home/neelash/urdf_ws/install/my_robot_description' for CMake config files
[0.444s] Level 1:colcon.colcon_core.shell:create_environment_hook('my_robot_description', 'cmake_prefix_path')
[0.444s] INFO:colcon.colcon_core.shell:Creating environment hook '/home/neelash/urdf_ws/install/my_robot_description/share/my_robot_description/hook/cmake_prefix_path.ps1'
[0.444s] INFO:colcon.colcon_core.shell:Creating environment descriptor '/home/neelash/urdf_ws/install/my_robot_description/share/my_robot_description/hook/cmake_prefix_path.dsv'
[0.445s] INFO:colcon.colcon_core.shell:Creating environment hook '/home/neelash/urdf_ws/install/my_robot_description/share/my_robot_description/hook/cmake_prefix_path.sh'
[0.445s] Level 1:colcon.colcon_core.environment:checking '/home/neelash/urdf_ws/install/my_robot_description/bin'
[0.445s] Level 1:colcon.colcon_core.environment:checking '/home/neelash/urdf_ws/install/my_robot_description/lib/pkgconfig/my_robot_description.pc'
[0.445s] Level 1:colcon.colcon_core.environment:checking '/home/neelash/urdf_ws/install/my_robot_description/lib/python3.10/site-packages'
[0.446s] Level 1:colcon.colcon_core.environment:checking '/home/neelash/urdf_ws/install/my_robot_description/bin'
[0.446s] INFO:colcon.colcon_core.shell:Creating package script '/home/neelash/urdf_ws/install/my_robot_description/share/my_robot_description/package.ps1'
[0.446s] INFO:colcon.colcon_core.shell:Creating package descriptor '/home/neelash/urdf_ws/install/my_robot_description/share/my_robot_description/package.dsv'
[0.446s] INFO:colcon.colcon_core.shell:Creating package script '/home/neelash/urdf_ws/install/my_robot_description/share/my_robot_description/package.sh'
[0.447s] INFO:colcon.colcon_core.shell:Creating package script '/home/neelash/urdf_ws/install/my_robot_description/share/my_robot_description/package.bash'
[0.447s] INFO:colcon.colcon_core.shell:Creating package script '/home/neelash/urdf_ws/install/my_robot_description/share/my_robot_description/package.zsh'
[0.448s] Level 1:colcon.colcon_core.environment:create_file_with_runtime_dependencies(/home/neelash/urdf_ws/install/my_robot_description/share/colcon-core/packages/my_robot_description)
[0.448s] Level 1:colcon.colcon_core.environment:create_environment_scripts_only(my_robot_description)
[0.448s] Level 1:colcon.colcon_core.environment:checking '/home/neelash/urdf_ws/install/my_robot_description' for CMake module files
[0.448s] Level 1:colcon.colcon_core.environment:checking '/home/neelash/urdf_ws/install/my_robot_description' for CMake config files
[0.449s] Level 1:colcon.colcon_core.shell:create_environment_hook('my_robot_description', 'cmake_prefix_path')
[0.449s] INFO:colcon.colcon_core.shell:Creating environment hook '/home/neelash/urdf_ws/install/my_robot_description/share/my_robot_description/hook/cmake_prefix_path.ps1'
[0.449s] INFO:colcon.colcon_core.shell:Creating environment descriptor '/home/neelash/urdf_ws/install/my_robot_description/share/my_robot_description/hook/cmake_prefix_path.dsv'
[0.449s] INFO:colcon.colcon_core.shell:Creating environment hook '/home/neelash/urdf_ws/install/my_robot_description/share/my_robot_description/hook/cmake_prefix_path.sh'
[0.449s] Level 1:colcon.colcon_core.environment:checking '/home/neelash/urdf_ws/install/my_robot_description/bin'
[0.449s] Level 1:colcon.colcon_core.environment:checking '/home/neelash/urdf_ws/install/my_robot_description/lib/pkgconfig/my_robot_description.pc'
[0.449s] Level 1:colcon.colcon_core.environment:checking '/home/neelash/urdf_ws/install/my_robot_description/lib/python3.10/site-packages'
[0.450s] Level 1:colcon.colcon_core.environment:checking '/home/neelash/urdf_ws/install/my_robot_description/bin'
[0.450s] INFO:colcon.colcon_core.shell:Creating package script '/home/neelash/urdf_ws/install/my_robot_description/share/my_robot_description/package.ps1'
[0.450s] INFO:colcon.colcon_core.shell:Creating package descriptor '/home/neelash/urdf_ws/install/my_robot_description/share/my_robot_description/package.dsv'
[0.450s] INFO:colcon.colcon_core.shell:Creating package script '/home/neelash/urdf_ws/install/my_robot_description/share/my_robot_description/package.sh'
[0.450s] INFO:colcon.colcon_core.shell:Creating package script '/home/neelash/urdf_ws/install/my_robot_description/share/my_robot_description/package.bash'
[0.451s] INFO:colcon.colcon_core.shell:Creating package script '/home/neelash/urdf_ws/install/my_robot_description/share/my_robot_description/package.zsh'
[0.451s] Level 1:colcon.colcon_core.environment:create_file_with_runtime_dependencies(/home/neelash/urdf_ws/install/my_robot_description/share/colcon-core/packages/my_robot_description)
[0.451s] INFO:colcon.colcon_ros.task.ament_cmake.build:Building ROS package in '/home/neelash/urdf_ws/src/moveit_setup_rms' with build type 'ament_cmake'
[0.451s] INFO:colcon.colcon_cmake.task.cmake.build:Building CMake package in '/home/neelash/urdf_ws/src/moveit_setup_rms'
[0.451s] INFO:colcon.colcon_core.shell:Skip shell extension 'powershell' for command environment: Not usable outside of PowerShell
[0.451s] DEBUG:colcon.colcon_core.shell:Skip shell extension 'dsv' for command environment
[0.478s] DEBUG:colcon.colcon_core.event_handler.log_command:Invoking command in '/home/neelash/urdf_ws/build/moveit_setup_rms': CMAKE_PREFIX_PATH=/home/neelash/urdf_ws/install/my_robot_description:/home/neelash/moveit2_ws/install/pilz_industrial_motion_planner_testutils:/home/neelash/moveit2_ws/install/moveit_runtime:/home/neelash/moveit2_ws/install/moveit2_tutorials:/home/neelash/moveit2_ws/install/moveit:/home/neelash/moveit2_ws/install/moveit_planners:/home/neelash/moveit2_ws/install/pilz_industrial_motion_planner:/home/neelash/moveit2_ws/install/moveit_visual_tools:/home/neelash/moveit2_ws/install/moveit_task_constructor_visualization:/home/neelash/moveit2_ws/install/moveit_task_constructor_demo:/home/neelash/moveit2_ws/install/moveit_task_constructor_capabilities:/home/neelash/moveit2_ws/install/moveit_task_constructor_core:/home/neelash/moveit2_ws/install/moveit_ros_control_interface:/home/neelash/moveit2_ws/install/moveit_plugins:/home/neelash/moveit2_ws/install/moveit_simple_controller_manager:/home/neelash/moveit2_ws/install/moveit_setup_assistant:/home/neelash/moveit2_ws/install/moveit_setup_srdf_plugins:/home/neelash/moveit2_ws/install/moveit_setup_core_plugins:/home/neelash/moveit2_ws/install/moveit_setup_controllers:/home/neelash/moveit2_ws/install/moveit_setup_app_plugins:/home/neelash/moveit2_ws/install/moveit_setup_framework:/home/neelash/moveit2_ws/install/moveit_servo:/home/neelash/moveit2_ws/install/moveit_ros:/home/neelash/moveit2_ws/install/moveit_ros_visualization:/home/neelash/moveit2_ws/install/moveit_hybrid_planning:/home/neelash/moveit2_ws/install/moveit_ros_planning_interface:/home/neelash/moveit2_ws/install/moveit_ros_benchmarks:/home/neelash/moveit2_ws/install/moveit_ros_warehouse:/home/neelash/moveit2_ws/install/moveit_ros_robot_interaction:/home/neelash/moveit2_ws/install/moveit_ros_perception:/home/neelash/moveit2_ws/install/moveit_resources_prbt_pg70_support:/home/neelash/moveit2_ws/install/moveit_resources_prbt_moveit_config:/home/neelash/moveit2_ws/install/moveit_ros_move_group:/home/neelash/moveit2_ws/install/moveit_planners_ompl:/home/neelash/moveit2_ws/install/moveit_ros_planning:/home/neelash/moveit2_ws/install/moveit_ros_occupancy_map_monitor:/home/neelash/moveit2_ws/install/moveit_resources_prbt_ikfast_manipulator_plugin:/home/neelash/moveit2_ws/install/moveit_planners_chomp:/home/neelash/moveit2_ws/install/moveit_kinematics:/home/neelash/moveit2_ws/install/moveit_chomp_optimizer_adapter:/home/neelash/moveit2_ws/install/chomp_motion_planner:/home/neelash/moveit2_ws/install/moveit_core:/home/neelash/moveit2_ws/install/srdfdom:/home/neelash/moveit2_ws/install/rviz_marker_tools:/home/neelash/moveit2_ws/install/rosparam_shortcuts:/home/neelash/moveit2_ws/install/rms_arm:/home/neelash/moveit2_ws/install/moveit_task_constructor_msgs:/home/neelash/moveit2_ws/install/moveit_resources_prbt_support:/home/neelash/moveit2_ws/install/moveit_resources:/home/neelash/moveit2_ws/install/moveit_resources_pr2_description:/home/neelash/moveit2_ws/install/moveit_resources_panda_moveit_config:/home/neelash/moveit2_ws/install/moveit_resources_panda_description:/home/neelash/moveit2_ws/install/moveit_resources_fanuc_moveit_config:/home/neelash/moveit2_ws/install/moveit_resources_fanuc_description:/home/neelash/moveit2_ws/install/moveit_common:/home/neelash/urdf_ws/install/moveit_config_rms:/home/neelash/moveit2_ws/install/moveit_configs_utils:/home/neelash/moveit2_ws/install/launch_param_builder:/home/neelash/urdf_ws/install/arm_kinematics:/opt/ros/humble /usr/bin/cmake /home/neelash/urdf_ws/src/moveit_setup_rms -DAMENT_CMAKE_SYMLINK_INSTALL=1 -DCMAKE_INSTALL_PREFIX=/home/neelash/urdf_ws/install/moveit_setup_rms
[0.609s] DEBUG:colcon.colcon_core.event_handler.log_command:Invoked command in '/home/neelash/urdf_ws/build/moveit_setup_rms' returned '0': CMAKE_PREFIX_PATH=/home/neelash/urdf_ws/install/my_robot_description:/home/neelash/moveit2_ws/install/pilz_industrial_motion_planner_testutils:/home/neelash/moveit2_ws/install/moveit_runtime:/home/neelash/moveit2_ws/install/moveit2_tutorials:/home/neelash/moveit2_ws/install/moveit:/home/neelash/moveit2_ws/install/moveit_planners:/home/neelash/moveit2_ws/install/pilz_industrial_motion_planner:/home/neelash/moveit2_ws/install/moveit_visual_tools:/home/neelash/moveit2_ws/install/moveit_task_constructor_visualization:/home/neelash/moveit2_ws/install/moveit_task_constructor_demo:/home/neelash/moveit2_ws/install/moveit_task_constructor_capabilities:/home/neelash/moveit2_ws/install/moveit_task_constructor_core:/home/neelash/moveit2_ws/install/moveit_ros_control_interface:/home/neelash/moveit2_ws/install/moveit_plugins:/home/neelash/moveit2_ws/install/moveit_simple_controller_manager:/home/neelash/moveit2_ws/install/moveit_setup_assistant:/home/neelash/moveit2_ws/install/moveit_setup_srdf_plugins:/home/neelash/moveit2_ws/install/moveit_setup_core_plugins:/home/neelash/moveit2_ws/install/moveit_setup_controllers:/home/neelash/moveit2_ws/install/moveit_setup_app_plugins:/home/neelash/moveit2_ws/install/moveit_setup_framework:/home/neelash/moveit2_ws/install/moveit_servo:/home/neelash/moveit2_ws/install/moveit_ros:/home/neelash/moveit2_ws/install/moveit_ros_visualization:/home/neelash/moveit2_ws/install/moveit_hybrid_planning:/home/neelash/moveit2_ws/install/moveit_ros_planning_interface:/home/neelash/moveit2_ws/install/moveit_ros_benchmarks:/home/neelash/moveit2_ws/install/moveit_ros_warehouse:/home/neelash/moveit2_ws/install/moveit_ros_robot_interaction:/home/neelash/moveit2_ws/install/moveit_ros_perception:/home/neelash/moveit2_ws/install/moveit_resources_prbt_pg70_support:/home/neelash/moveit2_ws/install/moveit_resources_prbt_moveit_config:/home/neelash/moveit2_ws/install/moveit_ros_move_group:/home/neelash/moveit2_ws/install/moveit_planners_ompl:/home/neelash/moveit2_ws/install/moveit_ros_planning:/home/neelash/moveit2_ws/install/moveit_ros_occupancy_map_monitor:/home/neelash/moveit2_ws/install/moveit_resources_prbt_ikfast_manipulator_plugin:/home/neelash/moveit2_ws/install/moveit_planners_chomp:/home/neelash/moveit2_ws/install/moveit_kinematics:/home/neelash/moveit2_ws/install/moveit_chomp_optimizer_adapter:/home/neelash/moveit2_ws/install/chomp_motion_planner:/home/neelash/moveit2_ws/install/moveit_core:/home/neelash/moveit2_ws/install/srdfdom:/home/neelash/moveit2_ws/install/rviz_marker_tools:/home/neelash/moveit2_ws/install/rosparam_shortcuts:/home/neelash/moveit2_ws/install/rms_arm:/home/neelash/moveit2_ws/install/moveit_task_constructor_msgs:/home/neelash/moveit2_ws/install/moveit_resources_prbt_support:/home/neelash/moveit2_ws/install/moveit_resources:/home/neelash/moveit2_ws/install/moveit_resources_pr2_description:/home/neelash/moveit2_ws/install/moveit_resources_panda_moveit_config:/home/neelash/moveit2_ws/install/moveit_resources_panda_description:/home/neelash/moveit2_ws/install/moveit_resources_fanuc_moveit_config:/home/neelash/moveit2_ws/install/moveit_resources_fanuc_description:/home/neelash/moveit2_ws/install/moveit_common:/home/neelash/urdf_ws/install/moveit_config_rms:/home/neelash/moveit2_ws/install/moveit_configs_utils:/home/neelash/moveit2_ws/install/launch_param_builder:/home/neelash/urdf_ws/install/arm_kinematics:/opt/ros/humble /usr/bin/cmake /home/neelash/urdf_ws/src/moveit_setup_rms -DAMENT_CMAKE_SYMLINK_INSTALL=1 -DCMAKE_INSTALL_PREFIX=/home/neelash/urdf_ws/install/moveit_setup_rms
[0.610s] DEBUG:colcon.colcon_core.event_handler.log_command:Invoking command in '/home/neelash/urdf_ws/build/moveit_setup_rms': CMAKE_PREFIX_PATH=/home/neelash/urdf_ws/install/my_robot_description:/home/neelash/moveit2_ws/install/pilz_industrial_motion_planner_testutils:/home/neelash/moveit2_ws/install/moveit_runtime:/home/neelash/moveit2_ws/install/moveit2_tutorials:/home/neelash/moveit2_ws/install/moveit:/home/neelash/moveit2_ws/install/moveit_planners:/home/neelash/moveit2_ws/install/pilz_industrial_motion_planner:/home/neelash/moveit2_ws/install/moveit_visual_tools:/home/neelash/moveit2_ws/install/moveit_task_constructor_visualization:/home/neelash/moveit2_ws/install/moveit_task_constructor_demo:/home/neelash/moveit2_ws/install/moveit_task_constructor_capabilities:/home/neelash/moveit2_ws/install/moveit_task_constructor_core:/home/neelash/moveit2_ws/install/moveit_ros_control_interface:/home/neelash/moveit2_ws/install/moveit_plugins:/home/neelash/moveit2_ws/install/moveit_simple_controller_manager:/home/neelash/moveit2_ws/install/moveit_setup_assistant:/home/neelash/moveit2_ws/install/moveit_setup_srdf_plugins:/home/neelash/moveit2_ws/install/moveit_setup_core_plugins:/home/neelash/moveit2_ws/install/moveit_setup_controllers:/home/neelash/moveit2_ws/install/moveit_setup_app_plugins:/home/neelash/moveit2_ws/install/moveit_setup_framework:/home/neelash/moveit2_ws/install/moveit_servo:/home/neelash/moveit2_ws/install/moveit_ros:/home/neelash/moveit2_ws/install/moveit_ros_visualization:/home/neelash/moveit2_ws/install/moveit_hybrid_planning:/home/neelash/moveit2_ws/install/moveit_ros_planning_interface:/home/neelash/moveit2_ws/install/moveit_ros_benchmarks:/home/neelash/moveit2_ws/install/moveit_ros_warehouse:/home/neelash/moveit2_ws/install/moveit_ros_robot_interaction:/home/neelash/moveit2_ws/install/moveit_ros_perception:/home/neelash/moveit2_ws/install/moveit_resources_prbt_pg70_support:/home/neelash/moveit2_ws/install/moveit_resources_prbt_moveit_config:/home/neelash/moveit2_ws/install/moveit_ros_move_group:/home/neelash/moveit2_ws/install/moveit_planners_ompl:/home/neelash/moveit2_ws/install/moveit_ros_planning:/home/neelash/moveit2_ws/install/moveit_ros_occupancy_map_monitor:/home/neelash/moveit2_ws/install/moveit_resources_prbt_ikfast_manipulator_plugin:/home/neelash/moveit2_ws/install/moveit_planners_chomp:/home/neelash/moveit2_ws/install/moveit_kinematics:/home/neelash/moveit2_ws/install/moveit_chomp_optimizer_adapter:/home/neelash/moveit2_ws/install/chomp_motion_planner:/home/neelash/moveit2_ws/install/moveit_core:/home/neelash/moveit2_ws/install/srdfdom:/home/neelash/moveit2_ws/install/rviz_marker_tools:/home/neelash/moveit2_ws/install/rosparam_shortcuts:/home/neelash/moveit2_ws/install/rms_arm:/home/neelash/moveit2_ws/install/moveit_task_constructor_msgs:/home/neelash/moveit2_ws/install/moveit_resources_prbt_support:/home/neelash/moveit2_ws/install/moveit_resources:/home/neelash/moveit2_ws/install/moveit_resources_pr2_description:/home/neelash/moveit2_ws/install/moveit_resources_panda_moveit_config:/home/neelash/moveit2_ws/install/moveit_resources_panda_description:/home/neelash/moveit2_ws/install/moveit_resources_fanuc_moveit_config:/home/neelash/moveit2_ws/install/moveit_resources_fanuc_description:/home/neelash/moveit2_ws/install/moveit_common:/home/neelash/urdf_ws/install/moveit_config_rms:/home/neelash/moveit2_ws/install/moveit_configs_utils:/home/neelash/moveit2_ws/install/launch_param_builder:/home/neelash/urdf_ws/install/arm_kinematics:/opt/ros/humble /usr/bin/cmake --build /home/neelash/urdf_ws/build/moveit_setup_rms -- -j16 -l16
[0.631s] DEBUG:colcon.colcon_core.event_handler.log_command:Invoked command in '/home/neelash/urdf_ws/build/moveit_setup_rms' returned '0': CMAKE_PREFIX_PATH=/home/neelash/urdf_ws/install/my_robot_description:/home/neelash/moveit2_ws/install/pilz_industrial_motion_planner_testutils:/home/neelash/moveit2_ws/install/moveit_runtime:/home/neelash/moveit2_ws/install/moveit2_tutorials:/home/neelash/moveit2_ws/install/moveit:/home/neelash/moveit2_ws/install/moveit_planners:/home/neelash/moveit2_ws/install/pilz_industrial_motion_planner:/home/neelash/moveit2_ws/install/moveit_visual_tools:/home/neelash/moveit2_ws/install/moveit_task_constructor_visualization:/home/neelash/moveit2_ws/install/moveit_task_constructor_demo:/home/neelash/moveit2_ws/install/moveit_task_constructor_capabilities:/home/neelash/moveit2_ws/install/moveit_task_constructor_core:/home/neelash/moveit2_ws/install/moveit_ros_control_interface:/home/neelash/moveit2_ws/install/moveit_plugins:/home/neelash/moveit2_ws/install/moveit_simple_controller_manager:/home/neelash/moveit2_ws/install/moveit_setup_assistant:/home/neelash/moveit2_ws/install/moveit_setup_srdf_plugins:/home/neelash/moveit2_ws/install/moveit_setup_core_plugins:/home/neelash/moveit2_ws/install/moveit_setup_controllers:/home/neelash/moveit2_ws/install/moveit_setup_app_plugins:/home/neelash/moveit2_ws/install/moveit_setup_framework:/home/neelash/moveit2_ws/install/moveit_servo:/home/neelash/moveit2_ws/install/moveit_ros:/home/neelash/moveit2_ws/install/moveit_ros_visualization:/home/neelash/moveit2_ws/install/moveit_hybrid_planning:/home/neelash/moveit2_ws/install/moveit_ros_planning_interface:/home/neelash/moveit2_ws/install/moveit_ros_benchmarks:/home/neelash/moveit2_ws/install/moveit_ros_warehouse:/home/neelash/moveit2_ws/install/moveit_ros_robot_interaction:/home/neelash/moveit2_ws/install/moveit_ros_perception:/home/neelash/moveit2_ws/install/moveit_resources_prbt_pg70_support:/home/neelash/moveit2_ws/install/moveit_resources_prbt_moveit_config:/home/neelash/moveit2_ws/install/moveit_ros_move_group:/home/neelash/moveit2_ws/install/moveit_planners_ompl:/home/neelash/moveit2_ws/install/moveit_ros_planning:/home/neelash/moveit2_ws/install/moveit_ros_occupancy_map_monitor:/home/neelash/moveit2_ws/install/moveit_resources_prbt_ikfast_manipulator_plugin:/home/neelash/moveit2_ws/install/moveit_planners_chomp:/home/neelash/moveit2_ws/install/moveit_kinematics:/home/neelash/moveit2_ws/install/moveit_chomp_optimizer_adapter:/home/neelash/moveit2_ws/install/chomp_motion_planner:/home/neelash/moveit2_ws/install/moveit_core:/home/neelash/moveit2_ws/install/srdfdom:/home/neelash/moveit2_ws/install/rviz_marker_tools:/home/neelash/moveit2_ws/install/rosparam_shortcuts:/home/neelash/moveit2_ws/install/rms_arm:/home/neelash/moveit2_ws/install/moveit_task_constructor_msgs:/home/neelash/moveit2_ws/install/moveit_resources_prbt_support:/home/neelash/moveit2_ws/install/moveit_resources:/home/neelash/moveit2_ws/install/moveit_resources_pr2_description:/home/neelash/moveit2_ws/install/moveit_resources_panda_moveit_config:/home/neelash/moveit2_ws/install/moveit_resources_panda_description:/home/neelash/moveit2_ws/install/moveit_resources_fanuc_moveit_config:/home/neelash/moveit2_ws/install/moveit_resources_fanuc_description:/home/neelash/moveit2_ws/install/moveit_common:/home/neelash/urdf_ws/install/moveit_config_rms:/home/neelash/moveit2_ws/install/moveit_configs_utils:/home/neelash/moveit2_ws/install/launch_param_builder:/home/neelash/urdf_ws/install/arm_kinematics:/opt/ros/humble /usr/bin/cmake --build /home/neelash/urdf_ws/build/moveit_setup_rms -- -j16 -l16
[0.632s] DEBUG:colcon.colcon_core.event_handler.log_command:Invoking command in '/home/neelash/urdf_ws/build/moveit_setup_rms': CMAKE_PREFIX_PATH=/home/neelash/urdf_ws/install/my_robot_description:/home/neelash/moveit2_ws/install/pilz_industrial_motion_planner_testutils:/home/neelash/moveit2_ws/install/moveit_runtime:/home/neelash/moveit2_ws/install/moveit2_tutorials:/home/neelash/moveit2_ws/install/moveit:/home/neelash/moveit2_ws/install/moveit_planners:/home/neelash/moveit2_ws/install/pilz_industrial_motion_planner:/home/neelash/moveit2_ws/install/moveit_visual_tools:/home/neelash/moveit2_ws/install/moveit_task_constructor_visualization:/home/neelash/moveit2_ws/install/moveit_task_constructor_demo:/home/neelash/moveit2_ws/install/moveit_task_constructor_capabilities:/home/neelash/moveit2_ws/install/moveit_task_constructor_core:/home/neelash/moveit2_ws/install/moveit_ros_control_interface:/home/neelash/moveit2_ws/install/moveit_plugins:/home/neelash/moveit2_ws/install/moveit_simple_controller_manager:/home/neelash/moveit2_ws/install/moveit_setup_assistant:/home/neelash/moveit2_ws/install/moveit_setup_srdf_plugins:/home/neelash/moveit2_ws/install/moveit_setup_core_plugins:/home/neelash/moveit2_ws/install/moveit_setup_controllers:/home/neelash/moveit2_ws/install/moveit_setup_app_plugins:/home/neelash/moveit2_ws/install/moveit_setup_framework:/home/neelash/moveit2_ws/install/moveit_servo:/home/neelash/moveit2_ws/install/moveit_ros:/home/neelash/moveit2_ws/install/moveit_ros_visualization:/home/neelash/moveit2_ws/install/moveit_hybrid_planning:/home/neelash/moveit2_ws/install/moveit_ros_planning_interface:/home/neelash/moveit2_ws/install/moveit_ros_benchmarks:/home/neelash/moveit2_ws/install/moveit_ros_warehouse:/home/neelash/moveit2_ws/install/moveit_ros_robot_interaction:/home/neelash/moveit2_ws/install/moveit_ros_perception:/home/neelash/moveit2_ws/install/moveit_resources_prbt_pg70_support:/home/neelash/moveit2_ws/install/moveit_resources_prbt_moveit_config:/home/neelash/moveit2_ws/install/moveit_ros_move_group:/home/neelash/moveit2_ws/install/moveit_planners_ompl:/home/neelash/moveit2_ws/install/moveit_ros_planning:/home/neelash/moveit2_ws/install/moveit_ros_occupancy_map_monitor:/home/neelash/moveit2_ws/install/moveit_resources_prbt_ikfast_manipulator_plugin:/home/neelash/moveit2_ws/install/moveit_planners_chomp:/home/neelash/moveit2_ws/install/moveit_kinematics:/home/neelash/moveit2_ws/install/moveit_chomp_optimizer_adapter:/home/neelash/moveit2_ws/install/chomp_motion_planner:/home/neelash/moveit2_ws/install/moveit_core:/home/neelash/moveit2_ws/install/srdfdom:/home/neelash/moveit2_ws/install/rviz_marker_tools:/home/neelash/moveit2_ws/install/rosparam_shortcuts:/home/neelash/moveit2_ws/install/rms_arm:/home/neelash/moveit2_ws/install/moveit_task_constructor_msgs:/home/neelash/moveit2_ws/install/moveit_resources_prbt_support:/home/neelash/moveit2_ws/install/moveit_resources:/home/neelash/moveit2_ws/install/moveit_resources_pr2_description:/home/neelash/moveit2_ws/install/moveit_resources_panda_moveit_config:/home/neelash/moveit2_ws/install/moveit_resources_panda_description:/home/neelash/moveit2_ws/install/moveit_resources_fanuc_moveit_config:/home/neelash/moveit2_ws/install/moveit_resources_fanuc_description:/home/neelash/moveit2_ws/install/moveit_common:/home/neelash/urdf_ws/install/moveit_config_rms:/home/neelash/moveit2_ws/install/moveit_configs_utils:/home/neelash/moveit2_ws/install/launch_param_builder:/home/neelash/urdf_ws/install/arm_kinematics:/opt/ros/humble /usr/bin/cmake --install /home/neelash/urdf_ws/build/moveit_setup_rms
[0.799s] Level 1:colcon.colcon_core.environment:create_environment_scripts_only(moveit_setup_rms)
[0.800s] Level 1:colcon.colcon_core.environment:checking '/home/neelash/urdf_ws/install/moveit_setup_rms' for CMake module files
[0.800s] DEBUG:colcon.colcon_core.event_handler.log_command:Invoked command in '/home/neelash/urdf_ws/build/moveit_setup_rms' returned '0': CMAKE_PREFIX_PATH=/home/neelash/urdf_ws/install/my_robot_description:/home/neelash/moveit2_ws/install/pilz_industrial_motion_planner_testutils:/home/neelash/moveit2_ws/install/moveit_runtime:/home/neelash/moveit2_ws/install/moveit2_tutorials:/home/neelash/moveit2_ws/install/moveit:/home/neelash/moveit2_ws/install/moveit_planners:/home/neelash/moveit2_ws/install/pilz_industrial_motion_planner:/home/neelash/moveit2_ws/install/moveit_visual_tools:/home/neelash/moveit2_ws/install/moveit_task_constructor_visualization:/home/neelash/moveit2_ws/install/moveit_task_constructor_demo:/home/neelash/moveit2_ws/install/moveit_task_constructor_capabilities:/home/neelash/moveit2_ws/install/moveit_task_constructor_core:/home/neelash/moveit2_ws/install/moveit_ros_control_interface:/home/neelash/moveit2_ws/install/moveit_plugins:/home/neelash/moveit2_ws/install/moveit_simple_controller_manager:/home/neelash/moveit2_ws/install/moveit_setup_assistant:/home/neelash/moveit2_ws/install/moveit_setup_srdf_plugins:/home/neelash/moveit2_ws/install/moveit_setup_core_plugins:/home/neelash/moveit2_ws/install/moveit_setup_controllers:/home/neelash/moveit2_ws/install/moveit_setup_app_plugins:/home/neelash/moveit2_ws/install/moveit_setup_framework:/home/neelash/moveit2_ws/install/moveit_servo:/home/neelash/moveit2_ws/install/moveit_ros:/home/neelash/moveit2_ws/install/moveit_ros_visualization:/home/neelash/moveit2_ws/install/moveit_hybrid_planning:/home/neelash/moveit2_ws/install/moveit_ros_planning_interface:/home/neelash/moveit2_ws/install/moveit_ros_benchmarks:/home/neelash/moveit2_ws/install/moveit_ros_warehouse:/home/neelash/moveit2_ws/install/moveit_ros_robot_interaction:/home/neelash/moveit2_ws/install/moveit_ros_perception:/home/neelash/moveit2_ws/install/moveit_resources_prbt_pg70_support:/home/neelash/moveit2_ws/install/moveit_resources_prbt_moveit_config:/home/neelash/moveit2_ws/install/moveit_ros_move_group:/home/neelash/moveit2_ws/install/moveit_planners_ompl:/home/neelash/moveit2_ws/install/moveit_ros_planning:/home/neelash/moveit2_ws/install/moveit_ros_occupancy_map_monitor:/home/neelash/moveit2_ws/install/moveit_resources_prbt_ikfast_manipulator_plugin:/home/neelash/moveit2_ws/install/moveit_planners_chomp:/home/neelash/moveit2_ws/install/moveit_kinematics:/home/neelash/moveit2_ws/install/moveit_chomp_optimizer_adapter:/home/neelash/moveit2_ws/install/chomp_motion_planner:/home/neelash/moveit2_ws/install/moveit_core:/home/neelash/moveit2_ws/install/srdfdom:/home/neelash/moveit2_ws/install/rviz_marker_tools:/home/neelash/moveit2_ws/install/rosparam_shortcuts:/home/neelash/moveit2_ws/install/rms_arm:/home/neelash/moveit2_ws/install/moveit_task_constructor_msgs:/home/neelash/moveit2_ws/install/moveit_resources_prbt_support:/home/neelash/moveit2_ws/install/moveit_resources:/home/neelash/moveit2_ws/install/moveit_resources_pr2_description:/home/neelash/moveit2_ws/install/moveit_resources_panda_moveit_config:/home/neelash/moveit2_ws/install/moveit_resources_panda_description:/home/neelash/moveit2_ws/install/moveit_resources_fanuc_moveit_config:/home/neelash/moveit2_ws/install/moveit_resources_fanuc_description:/home/neelash/moveit2_ws/install/moveit_common:/home/neelash/urdf_ws/install/moveit_config_rms:/home/neelash/moveit2_ws/install/moveit_configs_utils:/home/neelash/moveit2_ws/install/launch_param_builder:/home/neelash/urdf_ws/install/arm_kinematics:/opt/ros/humble /usr/bin/cmake --install /home/neelash/urdf_ws/build/moveit_setup_rms
[0.800s] Level 1:colcon.colcon_core.environment:checking '/home/neelash/urdf_ws/install/moveit_setup_rms' for CMake config files
[0.800s] Level 1:colcon.colcon_core.shell:create_environment_hook('moveit_setup_rms', 'cmake_prefix_path')
[0.800s] INFO:colcon.colcon_core.shell:Creating environment hook '/home/neelash/urdf_ws/install/moveit_setup_rms/share/moveit_setup_rms/hook/cmake_prefix_path.ps1'
[0.801s] INFO:colcon.colcon_core.shell:Creating environment descriptor '/home/neelash/urdf_ws/install/moveit_setup_rms/share/moveit_setup_rms/hook/cmake_prefix_path.dsv'
[0.801s] INFO:colcon.colcon_core.shell:Creating environment hook '/home/neelash/urdf_ws/install/moveit_setup_rms/share/moveit_setup_rms/hook/cmake_prefix_path.sh'
[0.802s] Level 1:colcon.colcon_core.environment:checking '/home/neelash/urdf_ws/install/moveit_setup_rms/bin'
[0.802s] Level 1:colcon.colcon_core.environment:checking '/home/neelash/urdf_ws/install/moveit_setup_rms/lib/pkgconfig/moveit_setup_rms.pc'
[0.802s] Level 1:colcon.colcon_core.environment:checking '/home/neelash/urdf_ws/install/moveit_setup_rms/lib/python3.10/site-packages'
[0.802s] Level 1:colcon.colcon_core.environment:checking '/home/neelash/urdf_ws/install/moveit_setup_rms/bin'
[0.802s] INFO:colcon.colcon_core.shell:Creating package script '/home/neelash/urdf_ws/install/moveit_setup_rms/share/moveit_setup_rms/package.ps1'
[0.802s] INFO:colcon.colcon_core.shell:Creating package descriptor '/home/neelash/urdf_ws/install/moveit_setup_rms/share/moveit_setup_rms/package.dsv'
[0.802s] INFO:colcon.colcon_core.shell:Creating package script '/home/neelash/urdf_ws/install/moveit_setup_rms/share/moveit_setup_rms/package.sh'
[0.803s] INFO:colcon.colcon_core.shell:Creating package script '/home/neelash/urdf_ws/install/moveit_setup_rms/share/moveit_setup_rms/package.bash'
[0.803s] INFO:colcon.colcon_core.shell:Creating package script '/home/neelash/urdf_ws/install/moveit_setup_rms/share/moveit_setup_rms/package.zsh'
[0.803s] Level 1:colcon.colcon_core.environment:create_file_with_runtime_dependencies(/home/neelash/urdf_ws/install/moveit_setup_rms/share/colcon-core/packages/moveit_setup_rms)
[0.803s] Level 1:colcon.colcon_core.environment:create_environment_scripts_only(moveit_setup_rms)
[0.803s] Level 1:colcon.colcon_core.environment:checking '/home/neelash/urdf_ws/install/moveit_setup_rms' for CMake module files
[0.804s] Level 1:colcon.colcon_core.environment:checking '/home/neelash/urdf_ws/install/moveit_setup_rms' for CMake config files
[0.804s] Level 1:colcon.colcon_core.shell:create_environment_hook('moveit_setup_rms', 'cmake_prefix_path')
[0.804s] INFO:colcon.colcon_core.shell:Creating environment hook '/home/neelash/urdf_ws/install/moveit_setup_rms/share/moveit_setup_rms/hook/cmake_prefix_path.ps1'
[0.804s] INFO:colcon.colcon_core.shell:Creating environment descriptor '/home/neelash/urdf_ws/install/moveit_setup_rms/share/moveit_setup_rms/hook/cmake_prefix_path.dsv'
[0.804s] INFO:colcon.colcon_core.shell:Creating environment hook '/home/neelash/urdf_ws/install/moveit_setup_rms/share/moveit_setup_rms/hook/cmake_prefix_path.sh'
[0.804s] Level 1:colcon.colcon_core.environment:checking '/home/neelash/urdf_ws/install/moveit_setup_rms/bin'
[0.804s] Level 1:colcon.colcon_core.environment:checking '/home/neelash/urdf_ws/install/moveit_setup_rms/lib/pkgconfig/moveit_setup_rms.pc'
[0.805s] Level 1:colcon.colcon_core.environment:checking '/home/neelash/urdf_ws/install/moveit_setup_rms/lib/python3.10/site-packages'
[0.805s] Level 1:colcon.colcon_core.environment:checking '/home/neelash/urdf_ws/install/moveit_setup_rms/bin'
[0.805s] INFO:colcon.colcon_core.shell:Creating package script '/home/neelash/urdf_ws/install/moveit_setup_rms/share/moveit_setup_rms/package.ps1'
[0.805s] INFO:colcon.colcon_core.shell:Creating package descriptor '/home/neelash/urdf_ws/install/moveit_setup_rms/share/moveit_setup_rms/package.dsv'
[0.805s] INFO:colcon.colcon_core.shell:Creating package script '/home/neelash/urdf_ws/install/moveit_setup_rms/share/moveit_setup_rms/package.sh'
[0.806s] INFO:colcon.colcon_core.shell:Creating package script '/home/neelash/urdf_ws/install/moveit_setup_rms/share/moveit_setup_rms/package.bash'
[0.806s] INFO:colcon.colcon_core.shell:Creating package script '/home/neelash/urdf_ws/install/moveit_setup_rms/share/moveit_setup_rms/package.zsh'
[0.806s] Level 1:colcon.colcon_core.environment:create_file_with_runtime_dependencies(/home/neelash/urdf_ws/install/moveit_setup_rms/share/colcon-core/packages/moveit_setup_rms)
[0.806s] DEBUG:colcon.colcon_parallel_executor.executor.parallel:closing loop
[0.807s] DEBUG:colcon.colcon_parallel_executor.executor.parallel:loop closed
[0.807s] DEBUG:colcon.colcon_parallel_executor.executor.parallel:run_until_complete finished with '0'
[0.807s] DEBUG:colcon.colcon_core.event_reactor:joining thread
[0.853s] INFO:colcon.colcon_core.plugin_system:Skipping extension 'colcon_notification.desktop_notification.notify_send': Could not find 'notify-send'
[0.853s] INFO:colcon.colcon_core.plugin_system:Skipping extension 'colcon_notification.desktop_notification.terminal_notifier': Not used on non-Darwin systems
[0.853s] INFO:colcon.colcon_core.plugin_system:Skipping extension 'colcon_notification.desktop_notification.win32': Not used on non-Windows systems
[0.853s] INFO:colcon.colcon_notification.desktop_notification:Sending desktop notification using 'notify2'
[0.854s] DEBUG:colcon.colcon_notification.desktop_notification.notify2:Failed to initialize notify2: org.freedesktop.DBus.Error.ServiceUnknown: The name org.freedesktop.Notifications was not provided by any .service files
[0.854s] DEBUG:colcon.colcon_core.event_reactor:joined thread
[0.854s] INFO:colcon.colcon_core.shell:Creating prefix script '/home/neelash/urdf_ws/install/local_setup.ps1'
[0.855s] INFO:colcon.colcon_core.shell:Creating prefix util module '/home/neelash/urdf_ws/install/_local_setup_util_ps1.py'
[0.856s] INFO:colcon.colcon_core.shell:Creating prefix chain script '/home/neelash/urdf_ws/install/setup.ps1'
[0.857s] INFO:colcon.colcon_core.shell:Creating prefix script '/home/neelash/urdf_ws/install/local_setup.sh'
[0.858s] INFO:colcon.colcon_core.shell:Creating prefix util module '/home/neelash/urdf_ws/install/_local_setup_util_sh.py'
[0.858s] INFO:colcon.colcon_core.shell:Creating prefix chain script '/home/neelash/urdf_ws/install/setup.sh'
[0.859s] INFO:colcon.colcon_core.shell:Creating prefix script '/home/neelash/urdf_ws/install/local_setup.bash'
[0.859s] INFO:colcon.colcon_core.shell:Creating prefix chain script '/home/neelash/urdf_ws/install/setup.bash'
[0.861s] INFO:colcon.colcon_core.shell:Creating prefix script '/home/neelash/urdf_ws/install/local_setup.zsh'
[0.861s] INFO:colcon.colcon_core.shell:Creating prefix chain script '/home/neelash/urdf_ws/install/setup.zsh'
