-- Install configuration: ""
-- Execute custom install script
-- Symlinking: /home/neelash/urdf_ws/install/my_robot_description/share/my_robot_description/view_my_robot.launch.py
-- Symlinking: /home/neelash/urdf_ws/install/my_robot_description/share/my_robot_description/rms_arm.urdf
-- Symlinking: /home/neelash/urdf_ws/install/my_robot_description/share/my_robot_description/meshes/Arm-01-v1.stl
-- Symlinking: /home/neelash/urdf_ws/install/my_robot_description/share/my_robot_description/meshes/Arm-02-v1.stl
-- Symlinking: /home/neelash/urdf_ws/install/my_robot_description/share/my_robot_description/meshes/Arm-03-v1.stl
-- Symlinking: /home/neelash/urdf_ws/install/my_robot_description/share/my_robot_description/meshes/Base-v1.stl
-- Symlinking: /home/neelash/urdf_ws/install/my_robot_description/share/my_robot_description/meshes/Gripper-base-v1.stl
-- Symlinking: /home/neelash/urdf_ws/install/my_robot_description/share/my_robot_description/meshes/Waist-v1.stl
-- Symlinking: /home/neelash/urdf_ws/install/my_robot_description/share/ament_index/resource_index/package_run_dependencies/my_robot_description
-- Symlinking: /home/neelash/urdf_ws/install/my_robot_description/share/ament_index/resource_index/parent_prefix_path/my_robot_description
-- Symlinking: /home/neelash/urdf_ws/install/my_robot_description/share/my_robot_description/environment/ament_prefix_path.sh
-- Symlinking: /home/neelash/urdf_ws/install/my_robot_description/share/my_robot_description/environment/ament_prefix_path.dsv
-- Symlinking: /home/neelash/urdf_ws/install/my_robot_description/share/my_robot_description/environment/path.sh
-- Symlinking: /home/neelash/urdf_ws/install/my_robot_description/share/my_robot_description/environment/path.dsv
-- Symlinking: /home/neelash/urdf_ws/install/my_robot_description/share/my_robot_description/local_setup.bash
-- Symlinking: /home/neelash/urdf_ws/install/my_robot_description/share/my_robot_description/local_setup.sh
-- Symlinking: /home/neelash/urdf_ws/install/my_robot_description/share/my_robot_description/local_setup.zsh
-- Symlinking: /home/neelash/urdf_ws/install/my_robot_description/share/my_robot_description/local_setup.dsv
-- Symlinking: /home/neelash/urdf_ws/install/my_robot_description/share/my_robot_description/package.dsv
-- Symlinking: /home/neelash/urdf_ws/install/my_robot_description/share/ament_index/resource_index/packages/my_robot_description
-- Symlinking: /home/neelash/urdf_ws/install/my_robot_description/share/my_robot_description/cmake/my_robot_descriptionConfig.cmake
-- Symlinking: /home/neelash/urdf_ws/install/my_robot_description/share/my_robot_description/cmake/my_robot_descriptionConfig-version.cmake
-- Symlinking: /home/neelash/urdf_ws/install/my_robot_description/share/my_robot_description/package.xml
